Removed Pin From Net: NetName=PUL1 Pin=Arduino1-2
Removed Pin From Net: NetName=EN1 Pin=Arduino1-4
Removed Pin From Net: NetName=DIR1 Pin=Arduino1-~3
Removed Pin From Net: NetName=GND Pin=JDC1-2
Removed Pin From Net: NetName=GND Pin=JDC1-3
Removed Member From Class: ClassName=draft Member=JDC1
Added Component: Designator=C4(HDR4)
Add component (AddParameter): Name = "ComponentLink1 Description"; Value = "Manufacturer"; VariantName = "[No Variations]"
Add component (AddParameter): Name = "ComponentLink1URL"; Value = "http://www.we-online.com"; VariantName = "[No Variations]"
Add component (AddParameter): Name = "ComponentLink2 Description"; Value = "Datasheet"; VariantName = "[No Variations]"
Add component (AddParameter): Name = "ComponentLink2URL"; Value = "http://katalog.we-online.de/em/datasheet/6130xx143121.pdf"; VariantName = "[No Variations]"
Add component (AddParameter): Name = "Created by"; Value = "Karrer Zheng"; VariantName = "[No Variations]"
Add component (AddParameter): Name = "Created Date"; Value = "29 March 2013"; VariantName = "[No Variations]"
Add component (AddParameter): Name = "Manufacturer"; Value = "W¨¹rth Elektronik eiSos GmbH"; VariantName = "[No Variations]"
Add component (AddParameter): Name = "NoPins"; Value = "02"; VariantName = "[No Variations]"
Add component (AddParameter): Name = "partNo"; Value = "613002143121"; VariantName = "[No Variations]"
Added Component: Designator=C5(HDR3)
Add component (AddParameter): Name = "ComponentLink1 Description"; Value = "Manufacturer"; VariantName = "[No Variations]"
Add component (AddParameter): Name = "ComponentLink1URL"; Value = "http://www.we-online.com"; VariantName = "[No Variations]"
Add component (AddParameter): Name = "ComponentLink2 Description"; Value = "Datasheet"; VariantName = "[No Variations]"
Add component (AddParameter): Name = "ComponentLink2URL"; Value = "http://katalog.we-online.de/em/datasheet/6130xx143121.pdf"; VariantName = "[No Variations]"
Add component (AddParameter): Name = "Created by"; Value = "Karrer Zheng"; VariantName = "[No Variations]"
Add component (AddParameter): Name = "Created Date"; Value = "29 March 2013"; VariantName = "[No Variations]"
Add component (AddParameter): Name = "Manufacturer"; Value = "W¨¹rth Elektronik eiSos GmbH"; VariantName = "[No Variations]"
Add component (AddParameter): Name = "NoPins"; Value = "02"; VariantName = "[No Variations]"
Add component (AddParameter): Name = "partNo"; Value = "613002143121"; VariantName = "[No Variations]"
Added Component: Designator=C6(HDR2)
Add component (AddParameter): Name = "ComponentLink1 Description"; Value = "Manufacturer"; VariantName = "[No Variations]"
Add component (AddParameter): Name = "ComponentLink1URL"; Value = "http://www.we-online.com"; VariantName = "[No Variations]"
Add component (AddParameter): Name = "ComponentLink2 Description"; Value = "Datasheet"; VariantName = "[No Variations]"
Add component (AddParameter): Name = "ComponentLink2URL"; Value = "http://katalog.we-online.de/em/datasheet/6130xx143121.pdf"; VariantName = "[No Variations]"
Add component (AddParameter): Name = "Created by"; Value = "Karrer Zheng"; VariantName = "[No Variations]"
Add component (AddParameter): Name = "Created Date"; Value = "29 March 2013"; VariantName = "[No Variations]"
Add component (AddParameter): Name = "Manufacturer"; Value = "W¨¹rth Elektronik eiSos GmbH"; VariantName = "[No Variations]"
Add component (AddParameter): Name = "NoPins"; Value = "02"; VariantName = "[No Variations]"
Add component (AddParameter): Name = "partNo"; Value = "613002143121"; VariantName = "[No Variations]"
Added Component: Designator=C7(HDR2)
Add component (AddParameter): Name = "ComponentLink1 Description"; Value = "Manufacturer"; VariantName = "[No Variations]"
Add component (AddParameter): Name = "ComponentLink1URL"; Value = "http://www.we-online.com"; VariantName = "[No Variations]"
Add component (AddParameter): Name = "ComponentLink2 Description"; Value = "Datasheet"; VariantName = "[No Variations]"
Add component (AddParameter): Name = "ComponentLink2URL"; Value = "http://katalog.we-online.de/em/datasheet/6130xx143121.pdf"; VariantName = "[No Variations]"
Add component (AddParameter): Name = "Created by"; Value = "Karrer Zheng"; VariantName = "[No Variations]"
Add component (AddParameter): Name = "Created Date"; Value = "29 March 2013"; VariantName = "[No Variations]"
Add component (AddParameter): Name = "Manufacturer"; Value = "W¨¹rth Elektronik eiSos GmbH"; VariantName = "[No Variations]"
Add component (AddParameter): Name = "NoPins"; Value = "02"; VariantName = "[No Variations]"
Add component (AddParameter): Name = "partNo"; Value = "613002143121"; VariantName = "[No Variations]"
Added Component: Designator=J1(KF2-3.5)
Add component (AddParameter): Name = "ComponentLink1 Description"; Value = "Manufacturer"; VariantName = "[No Variations]"
Add component (AddParameter): Name = "ComponentLink1URL"; Value = "http://www.we-online.com"; VariantName = "[No Variations]"
Add component (AddParameter): Name = "ComponentLink2 Description"; Value = "Datasheet"; VariantName = "[No Variations]"
Add component (AddParameter): Name = "ComponentLink2URL"; Value = "http://katalog.we-online.de/em/datasheet/6911031100xx.pdf"; VariantName = "[No Variations]"
Add component (AddParameter): Name = "Created by"; Value = "Karrer Zheng"; VariantName = "[No Variations]"
Add component (AddParameter): Name = "Created Date"; Value = "29 October 2013"; VariantName = "[No Variations]"
Add component (AddParameter): Name = "Manufacturer"; Value = "Würth Elektronik eiSos GmbH"; VariantName = "[No Variations]"
Add component (AddParameter): Name = "NoPins"; Value = "2"; VariantName = "[No Variations]"
Add component (AddParameter): Name = "partNo"; Value = "691103110002"; VariantName = "[No Variations]"
Added Component: Designator=R1(RESISTOR 1/4W)
Add component (AddParameter): Name = "Value"; Value = "200"; VariantName = "[No Variations]"
Add component (AddParameter): Name = "Walt"; Value = "1/4W"; VariantName = "[No Variations]"
Added Component: Designator=R2(RESISTOR 1/4W)
Add component (AddParameter): Name = "Value"; Value = "200"; VariantName = "[No Variations]"
Add component (AddParameter): Name = "Walt"; Value = "1/4W"; VariantName = "[No Variations]"
Added Pin To Net: NetName=DIR1 Pin=Arduino1-12
Added Pin To Net: NetName=EN1 Pin=Arduino1-13
Added Pin To Net: NetName=PUL1 Pin=Arduino1-~11
Added Pin To Net: NetName=GND Pin=C4-4
Added Pin To Net: NetName=+5 Pin=C5-1
Added Pin To Net: NetName=GND Pin=C5-3
Added Pin To Net: NetName=DIR2 Pin=Arduino1-~9
Added Pin To Net: NetName=DIR2 Pin=C4-2
Added Net: Name=DIR2
Added Pin To Net: NetName=EN2 Pin=Arduino1-~10
Added Pin To Net: NetName=EN2 Pin=C4-1
Added Net: Name=EN2
Added Pin To Net: NetName=LED_GREEN Pin=C7-1
Added Pin To Net: NetName=LED_GREEN Pin=R1-2
Added Net: Name=LED_GREEN
Added Pin To Net: NetName=LED_RED Pin=C7-2
Added Pin To Net: NetName=LED_RED Pin=R2-2
Added Net: Name=LED_RED
Added Pin To Net: NetName=NetArduino1_7 Pin=Arduino1-7
Added Pin To Net: NetName=NetArduino1_7 Pin=R1-1
Added Net: Name=NetArduino1_7
Added Pin To Net: NetName=NetArduino1_~6 Pin=Arduino1-~6
Added Pin To Net: NetName=NetArduino1_~6 Pin=R2-1
Added Net: Name=NetArduino1_~6
Added Pin To Net: NetName=PUL2 Pin=Arduino1-8
Added Pin To Net: NetName=PUL2 Pin=C4-3
Added Net: Name=PUL2
Added Pin To Net: NetName=PUMP1 Pin=Arduino1-~3
Added Pin To Net: NetName=PUMP1 Pin=C6-1
Added Net: Name=PUMP1
Added Pin To Net: NetName=PUMP2 Pin=Arduino1-2
Added Pin To Net: NetName=PUMP2 Pin=C6-2
Added Net: Name=PUMP2
Added Pin To Net: NetName=SENSOR2 Pin=Arduino1-4
Added Pin To Net: NetName=SENSOR2 Pin=C5-2
Added Net: Name=SENSOR2
Added Member To Class: ClassName=draft Member=Component C4 Header4
Added Member To Class: ClassName=draft Member=Component C5 Header3
Added Member To Class: ClassName=draft Member=Component C6 Header2
Added Member To Class: ClassName=draft Member=Component C7 Header2
Added Member To Class: ClassName=draft Member=Component J1 KF2
Added Member To Class: ClassName=draft Member=Component R1 200
Added Member To Class: ClassName=draft Member=Component R2 200
Added Room: Name=draft
