Added Component: Designator=Arduino?(Arduino UNO R3)
Add component. Clean all parameters for all variants
Add component (AddParameter): Name = ""; Value = "Cau 5A"; VariantName = "[No Variations]"
Add component (AddParameter): Name = "Value"; Value = "Cau 1A"; VariantName = "[No Variations]"
Added Component: Designator=H1(XH2.54M-8)
Add component. Clean all parameters for all variants
Add component (AddParameter): Name = "Chung_Loai"; Value = "C?m"; VariantName = "[No Variations]"
Add component (AddParameter): Name = "Don_Vi"; Value = "Con"; VariantName = "[No Variations]"
Add component (AddParameter): Name = "Ghi_Chu"; Value = ""; VariantName = "[No Variations]"
Add component (AddParameter): Name = "Kieu_Chan"; Value = ""; VariantName = "[No Variations]"
Add component (AddParameter): Name = "Ma_Hang"; Value = "MH003366"; VariantName = "[No Variations]"
Add component (AddParameter): Name = "Ten_Linh_Kien"; Value = "Header 8P XH2.54-8P Ð?c Th?ng"; VariantName = "[No Variations]"
Added Component: Designator=H2(XH2.54M-4)
Add component. Clean all parameters for all variants
Add component (AddParameter): Name = "Chung_Loai"; Value = "C?m"; VariantName = "[No Variations]"
Add component (AddParameter): Name = "Don_Vi"; Value = "Con"; VariantName = "[No Variations]"
Add component (AddParameter): Name = "Ghi_Chu"; Value = ""; VariantName = "[No Variations]"
Add component (AddParameter): Name = "Kieu_Chan"; Value = ""; VariantName = "[No Variations]"
Add component (AddParameter): Name = "Ma_Hang"; Value = "MH001285"; VariantName = "[No Variations]"
Add component (AddParameter): Name = "Ten_Linh_Kien"; Value = "Header 4P XH2.54-4P Ð?c Th?ng"; VariantName = "[No Variations]"
Added Component: Designator=H3(XH2.54M-4)
Add component. Clean all parameters for all variants
Add component (AddParameter): Name = "Chung_Loai"; Value = "C?m"; VariantName = "[No Variations]"
Add component (AddParameter): Name = "Don_Vi"; Value = "Con"; VariantName = "[No Variations]"
Add component (AddParameter): Name = "Ghi_Chu"; Value = ""; VariantName = "[No Variations]"
Add component (AddParameter): Name = "Kieu_Chan"; Value = ""; VariantName = "[No Variations]"
Add component (AddParameter): Name = "Ma_Hang"; Value = "MH001285"; VariantName = "[No Variations]"
Add component (AddParameter): Name = "Ten_Linh_Kien"; Value = "Header 4P XH2.54-4P Ð?c Th?ng"; VariantName = "[No Variations]"
Added Component: Designator=H4(XH2.54M-2)
Add component. Clean all parameters for all variants
Add component (AddParameter): Name = "Chung_Loai"; Value = "C?m"; VariantName = "[No Variations]"
Add component (AddParameter): Name = "Don_Vi"; Value = "Con"; VariantName = "[No Variations]"
Add component (AddParameter): Name = "Ghi_Chu"; Value = ""; VariantName = "[No Variations]"
Add component (AddParameter): Name = "Kieu_Chan"; Value = ""; VariantName = "[No Variations]"
Add component (AddParameter): Name = "Ma_Hang"; Value = "MH001283"; VariantName = "[No Variations]"
Add component (AddParameter): Name = "Ten_Linh_Kien"; Value = "Header 2P XH2.54-2P Ð?c Th?ng"; VariantName = "[No Variations]"
Added Component: Designator=H5(XH2.54M-2)
Add component. Clean all parameters for all variants
Add component (AddParameter): Name = "Chung_Loai"; Value = "C?m"; VariantName = "[No Variations]"
Add component (AddParameter): Name = "Don_Vi"; Value = "Con"; VariantName = "[No Variations]"
Add component (AddParameter): Name = "Ghi_Chu"; Value = ""; VariantName = "[No Variations]"
Add component (AddParameter): Name = "Kieu_Chan"; Value = ""; VariantName = "[No Variations]"
Add component (AddParameter): Name = "Ma_Hang"; Value = "MH001283"; VariantName = "[No Variations]"
Add component (AddParameter): Name = "Ten_Linh_Kien"; Value = "Header 2P XH2.54-2P Ð?c Th?ng"; VariantName = "[No Variations]"
Added Component: Designator=H6(XH2.54M-3)
Add component. Clean all parameters for all variants
Add component (AddParameter): Name = "Chung_Loai"; Value = "C?m"; VariantName = "[No Variations]"
Add component (AddParameter): Name = "Don_Vi"; Value = "Con"; VariantName = "[No Variations]"
Add component (AddParameter): Name = "Ghi_Chu"; Value = ""; VariantName = "[No Variations]"
Add component (AddParameter): Name = "Kieu_Chan"; Value = ""; VariantName = "[No Variations]"
Add component (AddParameter): Name = "Ma_Hang"; Value = "MH001292"; VariantName = "[No Variations]"
Add component (AddParameter): Name = "Ten_Linh_Kien"; Value = "Header 3P XH2.54-3P Ð?c Th?ng"; VariantName = "[No Variations]"
Added Component: Designator=H7(XH2.54M-3)
Add component. Clean all parameters for all variants
Add component (AddParameter): Name = "Chung_Loai"; Value = "C?m"; VariantName = "[No Variations]"
Add component (AddParameter): Name = "Don_Vi"; Value = "Con"; VariantName = "[No Variations]"
Add component (AddParameter): Name = "Ghi_Chu"; Value = ""; VariantName = "[No Variations]"
Add component (AddParameter): Name = "Kieu_Chan"; Value = ""; VariantName = "[No Variations]"
Add component (AddParameter): Name = "Ma_Hang"; Value = "MH001292"; VariantName = "[No Variations]"
Add component (AddParameter): Name = "Ten_Linh_Kien"; Value = "Header 3P XH2.54-3P Ð?c Th?ng"; VariantName = "[No Variations]"
Added Component: Designator=H?(XH2.54M-6)
Add component. Clean all parameters for all variants
Add component (AddParameter): Name = "Chung_Loai"; Value = "C?m"; VariantName = "[No Variations]"
Add component (AddParameter): Name = "Don_Vi"; Value = "Con"; VariantName = "[No Variations]"
Add component (AddParameter): Name = "Ghi_Chu"; Value = ""; VariantName = "[No Variations]"
Add component (AddParameter): Name = "Kieu_Chan"; Value = ""; VariantName = "[No Variations]"
Add component (AddParameter): Name = "Ma_Hang"; Value = "MH001972"; VariantName = "[No Variations]"
Add component (AddParameter): Name = "Ten_Linh_Kien"; Value = "Header 6P XH2.54-6P Ð?c Th?ng"; VariantName = "[No Variations]"
Added Component: Designator=LM1(LM2596_Module)
Add component. Clean all parameters for all variants
Added Component: Designator=Module Relay1(CON 4 4EDG5.08)
Add component. Clean all parameters for all variants
Add component (AddParameter): Name = "Chung_Loai"; Value = "C?m"; VariantName = "[No Variations]"
Add component (AddParameter): Name = "Don_Vi"; Value = "Con"; VariantName = "[No Variations]"
Add component (AddParameter): Name = "Ghi_Chu"; Value = ""; VariantName = "[No Variations]"
Add component (AddParameter): Name = "Kieu_Chan"; Value = ""; VariantName = "[No Variations]"
Add component (AddParameter): Name = "Ma_Hang"; Value = "MH000979"; VariantName = "[No Variations]"
Add component (AddParameter): Name = "Ten_Linh_Kien"; Value = "CON 4 2EDG5.08-4P 5.08MM ( Xanh Cong)"; VariantName = "[No Variations]"
Added Component: Designator=P1(CON 2 2EDG5.08)
Add component. Clean all parameters for all variants
Add component (AddParameter): Name = "Chung_Loai"; Value = "C?m"; VariantName = "[No Variations]"
Add component (AddParameter): Name = "Don_Vi"; Value = "Con"; VariantName = "[No Variations]"
Add component (AddParameter): Name = "Ghi_Chu"; Value = ""; VariantName = "[No Variations]"
Add component (AddParameter): Name = "Kieu_Chan"; Value = ""; VariantName = "[No Variations]"
Add component (AddParameter): Name = "Ma_Hang"; Value = "MH000759"; VariantName = "[No Variations]"
Add component (AddParameter): Name = "Ten_Linh_Kien"; Value = "CON 2 2EDG5.08-2P 5.08MM ( Xanh Cong)"; VariantName = "[No Variations]"
Added Component: Designator=R1(tro vach 1/4w)
Add component. Clean all parameters for all variants
Add component (AddParameter): Name = "Chung_Loai"; Value = "C?m"; VariantName = "[No Variations]"
Add component (AddParameter): Name = "Don_Vi"; Value = "Con"; VariantName = "[No Variations]"
Add component (AddParameter): Name = "Kieu_Chan"; Value = ""; VariantName = "[No Variations]"
Add component (AddParameter): Name = "Ma_Hang"; Value = "MH006348"; VariantName = "[No Variations]"
Add component (AddParameter): Name = "So_Chan"; Value = "2"; VariantName = "[No Variations]"
Add component (AddParameter): Name = "Ten_Linh_Kien"; Value = "Tr? V?ch 1/4w 1% 330R"; VariantName = "[No Variations]"
Added Component: Designator=R2(tro vach 1/4w)
Add component. Clean all parameters for all variants
Add component (AddParameter): Name = "Chung_Loai"; Value = "C?m"; VariantName = "[No Variations]"
Add component (AddParameter): Name = "Don_Vi"; Value = "Con"; VariantName = "[No Variations]"
Add component (AddParameter): Name = "Kieu_Chan"; Value = ""; VariantName = "[No Variations]"
Add component (AddParameter): Name = "Ma_Hang"; Value = "MH006348"; VariantName = "[No Variations]"
Add component (AddParameter): Name = "So_Chan"; Value = "2"; VariantName = "[No Variations]"
Add component (AddParameter): Name = "Ten_Linh_Kien"; Value = "Tr? V?ch 1/4w 1% 330R"; VariantName = "[No Variations]"
Added Component: Designator=STEP1(CON 5 5EDG5.08)
Add component. Clean all parameters for all variants
Add component (AddParameter): Name = "Chung_Loai"; Value = "C?m"; VariantName = "[No Variations]"
Add component (AddParameter): Name = "Don_Vi"; Value = "Con"; VariantName = "[No Variations]"
Add component (AddParameter): Name = "Ghi_Chu"; Value = ""; VariantName = "[No Variations]"
Add component (AddParameter): Name = "Kieu_Chan"; Value = ""; VariantName = "[No Variations]"
Add component (AddParameter): Name = "Ma_Hang"; Value = "MH003589"; VariantName = "[No Variations]"
Add component (AddParameter): Name = "Ten_Linh_Kien"; Value = "CON 5 2EDG5.08-5P 5.08MM ( Xanh Cong)"; VariantName = "[No Variations]"
Added Component: Designator=STEP2(CON 5 5EDG5.08)
Add component. Clean all parameters for all variants
Add component (AddParameter): Name = "Chung_Loai"; Value = "C?m"; VariantName = "[No Variations]"
Add component (AddParameter): Name = "Don_Vi"; Value = "Con"; VariantName = "[No Variations]"
Add component (AddParameter): Name = "Ghi_Chu"; Value = ""; VariantName = "[No Variations]"
Add component (AddParameter): Name = "Kieu_Chan"; Value = ""; VariantName = "[No Variations]"
Add component (AddParameter): Name = "Ma_Hang"; Value = "MH003589"; VariantName = "[No Variations]"
Add component (AddParameter): Name = "Ten_Linh_Kien"; Value = "CON 5 2EDG5.08-5P 5.08MM ( Xanh Cong)"; VariantName = "[No Variations]"
Added Pin To Net: NetName=SENSOR1 Pin=Arduino?-2
Added Pin To Net: NetName=RELAY1 Pin=Arduino?-4
Added Pin To Net: NetName=+5 Pin=Arduino?-5V
Added Pin To Net: NetName=LED2 Pin=Arduino?-7
Added Pin To Net: NetName=EN1 Pin=Arduino?-A0
Added Pin To Net: NetName=DIR1 Pin=Arduino?-A1
Added Pin To Net: NetName=PUL1 Pin=Arduino?-A2
Added Pin To Net: NetName=EN2 Pin=Arduino?-A3
Added Pin To Net: NetName=DIR2 Pin=Arduino?-A4
Added Pin To Net: NetName=PUL2 Pin=Arduino?-A5
Added Pin To Net: NetName=GND Pin=Arduino?-GND
Added Pin To Net: NetName=GND Pin=Arduino?-GND
Added Pin To Net: NetName=GND Pin=Arduino?-GND
Added Pin To Net: NetName=GND Pin=Arduino?-GND
Added Pin To Net: NetName=GND Pin=Arduino?-GND
Added Pin To Net: NetName=GND Pin=Arduino?-GND
Added Pin To Net: NetName=SENSOR2 Pin=Arduino?-~3
Added Pin To Net: NetName=RELAY2 Pin=Arduino?-~5
Added Pin To Net: NetName=LED1 Pin=Arduino?-~6
Added Pin To Net: NetName=GND Pin=H2-1
Added Pin To Net: NetName=GND Pin=H2-2
Added Pin To Net: NetName=GND Pin=H2-3
Added Pin To Net: NetName=GND Pin=H2-4
Added Pin To Net: NetName=+5 Pin=H3-1
Added Pin To Net: NetName=+5 Pin=H3-2
Added Pin To Net: NetName=+5 Pin=H3-3
Added Pin To Net: NetName=+5 Pin=H3-4
Added Pin To Net: NetName=NetH4_1 Pin=H4-1
Added Pin To Net: NetName=LED1 Pin=H4-2
Added Pin To Net: NetName=NetH5_1 Pin=H5-1
Added Pin To Net: NetName=LED2 Pin=H5-2
Added Pin To Net: NetName=+5 Pin=H6-1
Added Pin To Net: NetName=GND Pin=H6-2
Added Pin To Net: NetName=SENSOR1 Pin=H6-3
Added Pin To Net: NetName=+5 Pin=H7-1
Added Pin To Net: NetName=GND Pin=H7-2
Added Pin To Net: NetName=SENSOR2 Pin=H7-3
Added Pin To Net: NetName=+12 Pin=LM1-1
Added Pin To Net: NetName=GND Pin=LM1-2
Added Pin To Net: NetName=GND Pin=LM1-3
Added Pin To Net: NetName=+5 Pin=LM1-4
Added Pin To Net: NetName=RELAY2 Pin=Module Relay1-1
Added Pin To Net: NetName=RELAY2 Pin=Module Relay1-1
Added Pin To Net: NetName=RELAY1 Pin=Module Relay1-2
Added Pin To Net: NetName=RELAY1 Pin=Module Relay1-2
Added Pin To Net: NetName=GND Pin=Module Relay1-3
Added Pin To Net: NetName=GND Pin=Module Relay1-3
Added Pin To Net: NetName=+5 Pin=Module Relay1-4
Added Pin To Net: NetName=+12 Pin=P1-1
Added Pin To Net: NetName=GND Pin=P1-2
Added Pin To Net: NetName=+5 Pin=R1-1
Added Pin To Net: NetName=NetH4_1 Pin=R1-2
Added Pin To Net: NetName=+5 Pin=R2-1
Added Pin To Net: NetName=NetH5_1 Pin=R2-2
Added Pin To Net: NetName=GND Pin=STEP1-1
Added Pin To Net: NetName=+12 Pin=STEP1-2
Added Pin To Net: NetName=PUL1 Pin=STEP1-3
Added Pin To Net: NetName=DIR1 Pin=STEP1-4
Added Pin To Net: NetName=EN1 Pin=STEP1-5
Added Pin To Net: NetName=GND Pin=STEP2-1
Added Pin To Net: NetName=+12 Pin=STEP2-2
Added Pin To Net: NetName=PUL2 Pin=STEP2-3
Added Pin To Net: NetName=DIR2 Pin=STEP2-4
Added Pin To Net: NetName=EN2 Pin=STEP2-5
Added Pin To Net: NetName=NetArduino?_8 Pin=Arduino?-8
Added Pin To Net: NetName=NetArduino?_8 Pin=H?-6
Added Net: Name=NetArduino?_8
Added Pin To Net: NetName=NetArduino?_12 Pin=Arduino?-12
Added Pin To Net: NetName=NetArduino?_12 Pin=H?-2
Added Net: Name=NetArduino?_12
Added Pin To Net: NetName=NetArduino?_13 Pin=Arduino?-13
Added Pin To Net: NetName=NetArduino?_13 Pin=H?-1
Added Net: Name=NetArduino?_13
Added Pin To Net: NetName=NetArduino?_~9 Pin=Arduino?-~9
Added Pin To Net: NetName=NetArduino?_~9 Pin=H?-5
Added Net: Name=NetArduino?_~9
Added Pin To Net: NetName=NetArduino?_~10 Pin=Arduino?-~10
Added Pin To Net: NetName=NetArduino?_~10 Pin=H?-4
Added Net: Name=NetArduino?_~10
Added Pin To Net: NetName=NetArduino?_~11 Pin=Arduino?-~11
Added Pin To Net: NetName=NetArduino?_~11 Pin=H?-3
Added Net: Name=NetArduino?_~11
Added Member To Class: ClassName=Sheet1 Member=Component Arduino? Arduino Uno R3
Added Member To Class: ClassName=Sheet1 Member=Component H1 Header 8P 2.54 Duc Thang
Added Member To Class: ClassName=Sheet1 Member=Component H2 0V
Added Member To Class: ClassName=Sheet1 Member=Component H3 '5V
Added Member To Class: ClassName=Sheet1 Member=Component H4 LED1
Added Member To Class: ClassName=Sheet1 Member=Component H5 LED2
Added Member To Class: ClassName=Sheet1 Member=Component H6 SENSOR1
Added Member To Class: ClassName=Sheet1 Member=Component H7 SENSOR2
Added Member To Class: ClassName=Sheet1 Member=Component H? h1
Added Member To Class: ClassName=Sheet1 Member=Component LM1 LM2596
Added Member To Class: ClassName=Sheet1 Member=Component Module Relay1 CON 4 EDG5.08
Added Member To Class: ClassName=Sheet1 Member=Component P1 CON 2 EDG5.08
Added Member To Class: ClassName=Sheet1 Member=Component R1 330R
Added Member To Class: ClassName=Sheet1 Member=Component R2 330R
Added Member To Class: ClassName=Sheet1 Member=Component STEP1 CON 5 EDG5.08
Added Member To Class: ClassName=Sheet1 Member=Component STEP2 CON 5 EDG5.08
Added Room: Name=Sheet1
